{
  "stats": {
    "suites": 1,
    "tests": 1,
    "passes": 1,
    "pending": 0,
    "failures": 0,
    "start": "2026-02-25T15:18:03.039Z",
    "end": "2026-02-25T15:18:06.687Z",
    "duration": 3648,
    "testsRegistered": 1,
    "passPercent": 100,
    "pendingPercent": 0,
    "other": 0,
    "hasOther": false,
    "skipped": 0,
    "hasSkipped": false
  },
  "results": [
    {
      "uuid": "4b84f882-cdba-4057-93fc-14342f4706d1",
      "title": "",
      "fullFile": "cypress\\e2e\\logincerto.cy.js",
      "file": "cypress\\e2e\\logincerto.cy.js",
      "beforeHooks": [],
      "afterHooks": [],
      "tests": [],
      "suites": [
        {
          "uuid": "9fb8b15b-3f80-4320-a018-3650b5f71a75",
          "title": "teste de login",
          "fullFile": "",
          "file": "",
          "beforeHooks": [],
          "afterHooks": [],
          "tests": [
            {
              "title": "Login com sucesso",
              "fullTitle": "teste de login Login com sucesso",
              "timedOut": null,
              "duration": 2297,
              "state": "passed",
              "speed": "fast",
              "pass": true,
              "fail": false,
              "pending": false,
              "context": null,
              "code": "cy.login('standard_user', 'secret_sauce');\ncy.url().should('include', 'inventory');",
              "err": {},
              "uuid": "0135e757-5070-417a-bbe4-fec25b2a8d35",
              "parentUUID": "9fb8b15b-3f80-4320-a018-3650b5f71a75",
              "isHook": false,
              "skipped": false
            }
          ],
          "suites": [],
          "passes": [
            "0135e757-5070-417a-bbe4-fec25b2a8d35"
          ],
          "failures": [],
          "pending": [],
          "skipped": [],
          "duration": 2297,
          "root": false,
          "rootEmpty": false,
          "_timeout": 2000
        }
      ],
      "passes": [],
      "failures": [],
      "pending": [],
      "skipped": [],
      "duration": 0,
      "root": true,
      "rootEmpty": true,
      "_timeout": 2000
    }
  ],
  "meta": {
    "mocha": {
      "version": "7.2.0"
    },
    "mochawesome": {
      "options": {
        "quiet": false,
        "reportFilename": "mochawesome",
        "saveHtml": false,
        "saveJson": true,
        "consoleReporter": "spec",
        "useInlineDiffs": false,
        "code": true
      },
      "version": "7.1.4"
    },
    "marge": {
      "options": {
        "reportDir": "cypress/reports",
        "overwrite": false,
        "html": false,
        "json": true
      },
      "version": "6.3.2"
    }
  }
}